<?xml version="1.0" encoding="UTF-8"?>
<testsuite xmlns:xsi="http://www.w3.org/2001/XMLSchema-instance" xsi:noNamespaceSchemaLocation="https://maven.apache.org/surefire/maven-surefire-plugin/xsd/surefire-test-report-3.0.xsd" version="3.0" name="airlines.FileStorageTest" time="0.017" tests="6" errors="0" skipped="0" failures="0">
  <properties>
    <property name="java.specification.version" value="25"/>
    <property name="sun.cpu.isalist" value="amd64"/>
    <property name="sun.jnu.encoding" value="Cp1252"/>
    <property name="java.class.path" value="C:\Users\mark_\OneDrive\Desktop\CSC449\National University Airlines\National_University_Airlines\target\test-classes;C:\Users\mark_\OneDrive\Desktop\CSC449\National University Airlines\National_University_Airlines\target\classes;C:\Users\mark_\.m2\repository\org\junit\jupiter\junit-jupiter\5.10.2\junit-jupiter-5.10.2.jar;C:\Users\mark_\.m2\repository\org\junit\jupiter\junit-jupiter-api\5.10.2\junit-jupiter-api-5.10.2.jar;C:\Users\mark_\.m2\repository\org\opentest4j\opentest4j\1.3.0\opentest4j-1.3.0.jar;C:\Users\mark_\.m2\repository\org\junit\platform\junit-platform-commons\1.10.2\junit-platform-commons-1.10.2.jar;C:\Users\mark_\.m2\repository\org\apiguardian\apiguardian-api\1.1.2\apiguardian-api-1.1.2.jar;C:\Users\mark_\.m2\repository\org\junit\jupiter\junit-jupiter-params\5.10.2\junit-jupiter-params-5.10.2.jar;C:\Users\mark_\.m2\repository\org\junit\jupiter\junit-jupiter-engine\5.10.2\junit-jupiter-engine-5.10.2.jar;C:\Users\mark_\.m2\repository\org\junit\platform\junit-platform-engine\1.10.2\junit-platform-engine-1.10.2.jar;C:\Users\mark_\.m2\repository\org\mockito\mockito-core\5.12.0\mockito-core-5.12.0.jar;C:\Users\mark_\.m2\repository\net\bytebuddy\byte-buddy\1.14.15\byte-buddy-1.14.15.jar;C:\Users\mark_\.m2\repository\net\bytebuddy\byte-buddy-agent\1.14.15\byte-buddy-agent-1.14.15.jar;C:\Users\mark_\.m2\repository\org\objenesis\objenesis\3.3\objenesis-3.3.jar;"/>
    <property name="java.vm.vendor" value="Eclipse Adoptium"/>
    <property name="sun.arch.data.model" value="64"/>
    <property name="user.variant" value=""/>
    <property name="java.vendor.url" value="https://adoptium.net/"/>
    <property name="user.timezone" value="America/Los_Angeles"/>
    <property name="os.name" value="Windows 11"/>
    <property name="java.vm.specification.version" value="25"/>
    <property name="sun.java.launcher" value="SUN_STANDARD"/>
    <property name="user.country" value="US"/>
    <property name="sun.boot.library.path" value="C:\Program Files\Eclipse Adoptium\jdk-25.0.0.36-hotspot\bin"/>
    <property name="sun.java.command" value="C:\Users\mark_\AppData\Local\Temp\surefire11729501062683092562\surefirebooter-20251019182012398_3.jar C:\Users\mark_\AppData\Local\Temp\surefire11729501062683092562 2025-10-19T18-20-12_310-jvmRun1 surefire-20251019182012398_1tmp surefire_0-20251019182012398_2tmp"/>
    <property name="jdk.debug" value="release"/>
    <property name="surefire.test.class.path" value="C:\Users\mark_\OneDrive\Desktop\CSC449\National University Airlines\National_University_Airlines\target\test-classes;C:\Users\mark_\OneDrive\Desktop\CSC449\National University Airlines\National_University_Airlines\target\classes;C:\Users\mark_\.m2\repository\org\junit\jupiter\junit-jupiter\5.10.2\junit-jupiter-5.10.2.jar;C:\Users\mark_\.m2\repository\org\junit\jupiter\junit-jupiter-api\5.10.2\junit-jupiter-api-5.10.2.jar;C:\Users\mark_\.m2\repository\org\opentest4j\opentest4j\1.3.0\opentest4j-1.3.0.jar;C:\Users\mark_\.m2\repository\org\junit\platform\junit-platform-commons\1.10.2\junit-platform-commons-1.10.2.jar;C:\Users\mark_\.m2\repository\org\apiguardian\apiguardian-api\1.1.2\apiguardian-api-1.1.2.jar;C:\Users\mark_\.m2\repository\org\junit\jupiter\junit-jupiter-params\5.10.2\junit-jupiter-params-5.10.2.jar;C:\Users\mark_\.m2\repository\org\junit\jupiter\junit-jupiter-engine\5.10.2\junit-jupiter-engine-5.10.2.jar;C:\Users\mark_\.m2\repository\org\junit\platform\junit-platform-engine\1.10.2\junit-platform-engine-1.10.2.jar;C:\Users\mark_\.m2\repository\org\mockito\mockito-core\5.12.0\mockito-core-5.12.0.jar;C:\Users\mark_\.m2\repository\net\bytebuddy\byte-buddy\1.14.15\byte-buddy-1.14.15.jar;C:\Users\mark_\.m2\repository\net\bytebuddy\byte-buddy-agent\1.14.15\byte-buddy-agent-1.14.15.jar;C:\Users\mark_\.m2\repository\org\objenesis\objenesis\3.3\objenesis-3.3.jar;"/>
    <property name="sun.cpu.endian" value="little"/>
    <property name="user.home" value="C:\Users\mark_"/>
    <property name="user.language" value="en"/>
    <property name="java.specification.vendor" value="Oracle Corporation"/>
    <property name="java.version.date" value="2025-09-16"/>
    <property name="java.home" value="C:\Program Files\Eclipse Adoptium\jdk-25.0.0.36-hotspot"/>
    <property name="file.separator" value="\"/>
    <property name="basedir" value="C:\Users\mark_\OneDrive\Desktop\CSC449\National University Airlines\National_University_Airlines"/>
    <property name="java.vm.compressedOopsMode" value="Zero based"/>
    <property name="line.separator" value="&#10;"/>
    <property name="java.vm.specification.vendor" value="Oracle Corporation"/>
    <property name="java.specification.name" value="Java Platform API Specification"/>
    <property name="surefire.real.class.path" value="C:\Users\mark_\AppData\Local\Temp\surefire11729501062683092562\surefirebooter-20251019182012398_3.jar"/>
    <property name="user.script" value=""/>
    <property name="sun.management.compiler" value="HotSpot 64-Bit Tiered Compilers"/>
    <property name="java.runtime.version" value="25+36-LTS"/>
    <property name="user.name" value="mark_"/>
    <property name="stdout.encoding" value="Cp1252"/>
    <property name="path.separator" value=";"/>
    <property name="os.version" value="10.0"/>
    <property name="java.runtime.name" value="OpenJDK Runtime Environment"/>
    <property name="file.encoding" value="UTF-8"/>
    <property name="java.vm.name" value="OpenJDK 64-Bit Server VM"/>
    <property name="java.vendor.version" value="Temurin-25+36"/>
    <property name="localRepository" value="C:\Users\mark_\.m2\repository"/>
    <property name="java.vendor.url.bug" value="https://github.com/adoptium/adoptium-support/issues"/>
    <property name="java.io.tmpdir" value="C:\Users\mark_\AppData\Local\Temp\"/>
    <property name="java.version" value="25"/>
    <property name="user.dir" value="C:\Users\mark_\OneDrive\Desktop\CSC449\National University Airlines\National_University_Airlines"/>
    <property name="os.arch" value="amd64"/>
    <property name="java.vm.specification.name" value="Java Virtual Machine Specification"/>
    <property name="sun.os.patch.level" value=""/>
    <property name="native.encoding" value="Cp1252"/>
    <property name="java.library.path" value="C:\Program Files\Eclipse Adoptium\jdk-25.0.0.36-hotspot\bin;C:\WINDOWS\Sun\Java\bin;C:\WINDOWS\system32;C:\WINDOWS;C:\Program Files\Eclipse Adoptium\jdk-25.0.0.36-hotspot\bin;C:\Program Files (x86)\NVIDIA Corporation\PhysX\Common;C:\WINDOWS\system32;C:\WINDOWS;C:\WINDOWS\System32\Wbem;C:\WINDOWS\System32\WindowsPowerShell\v1.0\;C:\WINDOWS\System32\OpenSSH\;C:\Program Files\Microsoft SQL Server\150\Tools\Binn\;C:\Program Files\dotnet\;C:\Program Files\Microsoft Visual Studio\2022\Community\VC\Tools\MSVC\14.38.33130\bin\Hostx64\x64;C:\Program Files (x86)\Windows Kits\10\bin\10.0.22621.0\x64;C:\Program Files (x86)\Windows Kits\10\Windows Performance Toolkit\;C:\Program Files\Graphviz\bin;C:\Program Files\CMake\bin;C:\ProgramData\chocolatey\bin;C:\Users\mark_\AppData\Local\Programs\Python\Python313\Scripts\;C:\Users\mark_\AppData\Local\Programs\Python\Python313\;C:\Users\mark_\AppData\Local\Programs\Python\Launcher\;C:\Users\mark_\AppData\Local\Microsoft\WindowsApps;C:\Program Files\JetBrains\IntelliJ IDEA 2024.3.1.1\bin;C:\Program Files\JetBrains\CLion 2024.3.1.1\bin;C:\Users\mark_\AppData\Local\GitHubDesktop\bin;C:\Users\mark_\.dotnet\tools;C:\Tools\NuGet;C:\Program Files\Microsoft Visual Studio\2022\Community\VC\Tools\MSVC\14.38.33130\bin\Hostx64\x86;C:\Program Files\Microsoft Visual Studio\2022\Community\Common7\IDE\VC\VCPackages;C:\Program Files (x86)\Windows Kits\10\bin\10.0.26100.0\x64;C:\Program Files (x86)\Windows Kits\10\bin\10.0.26100.0\x86;C:\Tools\ninja\;C:\Qt\6.8.1\mingw_64\bin\;C:\Program Files (x86)\erl5.8.1\bin;C:\Program Files\Git\cmd;C:\tools\mysql\current\bin;C:\Program Files\MySQL\MySQL Server 9.3\bin;C:\Program Files (x86)\Microsoft SQL Server\160\Tools\Binn\;C:\Program Files\Microsoft SQL Server\160\Tools\Binn\;C:\Program Files\Microsoft SQL Server\Client SDK\ODBC\170\Tools\Binn\;C:\Program Files\Microsoft SQL Server\160\DTS\Binn\;C:\Program Files (x86)\Microsoft SQL Server\160\DTS\Binn\;C:\Program Files\nodejs\;C:\Program Files\Apache\Maven\bin;C:\WINDOWS\system32;C:\WINDOWS;C:\WINDOWS\System32\Wbem;C:\WINDOWS\System32\WindowsPowerShell\v1.0\;C:\WINDOWS\System32\OpenSSH\;C:\Program Files\Microsoft SQL Server\150\Tools\Binn\;C:\Program Files\dotnet\;C:\Program Files\Microsoft Visual Studio\2022\Community\VC\Tools\MSVC\14.38.33130\bin\Hostx64\x64;C:\Program Files (x86)\Windows Kits\10\bin\10.0.22621.0\x64;C:\Program Files (x86)\Windows Kits\10\Windows Performance Toolkit\;C:\Program Files\Graphviz\bin;C:\Program Files\CMake\bin;C:\ProgramData\chocolatey\bin;C:\Users\mark_\AppData\Local\Programs\Python\Python313\Scripts\;C:\Users\mark_\AppData\Local\Programs\Python\Python313\;C:\Users\mark_\AppData\Local\Programs\Python\Launcher\;C:\Users\mark_\AppData\Local\Microsoft\WindowsApps;C:\Program Files\JetBrains\IntelliJ IDEA 2024.3.1.1\bin;C:\Program Files\JetBrains\CLion 2024.3.1.1\bin;C:\Users\mark_\AppData\Local\GitHubDesktop\bin;C:\Users\mark_\.dotnet\tools;C:\Tools\NuGet;C:\Program Files\Microsoft Visual Studio\2022\Community\VC\Tools\MSVC\14.38.33130\bin\Hostx64\x86;C:\Program Files\Microsoft Visual Studio\2022\Community\Common7\IDE\VC\VCPackages;C:\Program Files (x86)\Windows Kits\10\bin\10.0.26100.0\x64;C:\Program Files (x86)\Windows Kits\10\bin\10.0.26100.0\x86;C:\Tools\ninja\;C:\Qt\6.8.1\mingw_64\bin\;C:\Program Files (x86)\erl5.8.1\bin;C:\Program Files\Git\cmd;C:\tools\mysql\current\bin;C:\Program Files\MySQL\MySQL Server 9.3\bin;C:\Users\mark_;C:\Users\mark_\rebar3;C:\Users\mark_\.dotnet\tools;C:\Users\mark_\AppData\Roaming\npm;C:\Users\mark_\AppData\Local\Programs\Microsoft VS Code\bin;c:\Users\mark_\AppData\Roaming\Code\User\globalStorage\github.copilot-chat\debugCommand;."/>
    <property name="java.vm.info" value="mixed mode, sharing"/>
    <property name="stderr.encoding" value="Cp1252"/>
    <property name="java.vendor" value="Eclipse Adoptium"/>
    <property name="java.vm.version" value="25+36-LTS"/>
    <property name="stdin.encoding" value="Cp1252"/>
    <property name="sun.io.unicode.encoding" value="UnicodeLittle"/>
    <property name="java.class.version" value="69.0"/>
  </properties>
  <testcase name="testReadNonExistentFile" classname="airlines.FileStorageTest" time="0.003">
    <system-out><![CDATA[[FileStorage] C:\Users\mark_\AppData\Local\Temp\junit11613074011852830577\nonexistent.txt not found. Creating default database...
[FileStorage] Saved 2 flights to C:\Users\mark_\AppData\Local\Temp\junit11613074011852830577\nonexistent.txt
]]></system-out>
  </testcase>
  <testcase name="testReadEmptyFile" classname="airlines.FileStorageTest" time="0.002">
    <system-out><![CDATA[[FileStorage] File empty or invalid. Rebuilding with defaults.
[FileStorage] Saved 2 flights to C:\Users\mark_\AppData\Local\Temp\junit7420204262498372471\empty.txt
]]></system-out>
  </testcase>
  <testcase name="testWrite" classname="airlines.FileStorageTest" time="0.003">
    <system-out><![CDATA[[FileStorage] Saved 2 flights to C:\Users\mark_\AppData\Local\Temp\junit6466631910431865359\output.txt
]]></system-out>
  </testcase>
  <testcase name="testDefaultFlights" classname="airlines.FileStorageTest" time="0.002">
    <system-out><![CDATA[[FileStorage] C:\Users\mark_\AppData\Local\Temp\junit3160963244640786595\defaults.txt not found. Creating default database...
[FileStorage] Saved 2 flights to C:\Users\mark_\AppData\Local\Temp\junit3160963244640786595\defaults.txt
]]></system-out>
  </testcase>
  <testcase name="testReadMalformedFile" classname="airlines.FileStorageTest" time="0.002">
    <system-out><![CDATA[[FileStorage] Skipping malformed row (wrong column count): F100,NU777
[FileStorage] Skipping malformed row (wrong column count): invalidline
[FileStorage] Skipping malformed row (invalid status): F200,NU888,10C,INVALID_STATUS,,,
[FileStorage] Loaded 1 flights from C:\Users\mark_\AppData\Local\Temp\junit11744026600138249129\malformed.txt
]]></system-out>
  </testcase>
  <testcase name="testReadExistingValidFile" classname="airlines.FileStorageTest" time="0.003">
    <system-out><![CDATA[[FileStorage] Loaded 2 flights from C:\Users\mark_\AppData\Local\Temp\junit7471935497531111676\testdata.txt
]]></system-out>
  </testcase>
</testsuite>