<?xml version="1.0" encoding="UTF-8"?>
<testsuite xmlns:xsi="http://www.w3.org/2001/XMLSchema-instance" xsi:noNamespaceSchemaLocation="https://maven.apache.org/surefire/maven-surefire-plugin/xsd/surefire-test-report-3.0.xsd" version="3.0" name="airlines.DatabaseServiceTest" time="0.116" tests="16" errors="0" skipped="0" failures="0">
  <properties>
    <property name="java.specification.version" value="25"/>
    <property name="sun.cpu.isalist" value="amd64"/>
    <property name="sun.jnu.encoding" value="Cp1252"/>
    <property name="java.class.path" value="C:\Users\mark_\OneDrive\Desktop\CSC449\National University Airlines\National_University_Airlines\target\test-classes;C:\Users\mark_\OneDrive\Desktop\CSC449\National University Airlines\National_University_Airlines\target\classes;C:\Users\mark_\.m2\repository\org\junit\jupiter\junit-jupiter\5.10.2\junit-jupiter-5.10.2.jar;C:\Users\mark_\.m2\repository\org\junit\jupiter\junit-jupiter-api\5.10.2\junit-jupiter-api-5.10.2.jar;C:\Users\mark_\.m2\repository\org\opentest4j\opentest4j\1.3.0\opentest4j-1.3.0.jar;C:\Users\mark_\.m2\repository\org\junit\platform\junit-platform-commons\1.10.2\junit-platform-commons-1.10.2.jar;C:\Users\mark_\.m2\repository\org\apiguardian\apiguardian-api\1.1.2\apiguardian-api-1.1.2.jar;C:\Users\mark_\.m2\repository\org\junit\jupiter\junit-jupiter-params\5.10.2\junit-jupiter-params-5.10.2.jar;C:\Users\mark_\.m2\repository\org\junit\jupiter\junit-jupiter-engine\5.10.2\junit-jupiter-engine-5.10.2.jar;C:\Users\mark_\.m2\repository\org\junit\platform\junit-platform-engine\1.10.2\junit-platform-engine-1.10.2.jar;C:\Users\mark_\.m2\repository\org\mockito\mockito-core\5.12.0\mockito-core-5.12.0.jar;C:\Users\mark_\.m2\repository\net\bytebuddy\byte-buddy\1.14.15\byte-buddy-1.14.15.jar;C:\Users\mark_\.m2\repository\net\bytebuddy\byte-buddy-agent\1.14.15\byte-buddy-agent-1.14.15.jar;C:\Users\mark_\.m2\repository\org\objenesis\objenesis\3.3\objenesis-3.3.jar;"/>
    <property name="java.vm.vendor" value="Eclipse Adoptium"/>
    <property name="sun.arch.data.model" value="64"/>
    <property name="user.variant" value=""/>
    <property name="java.vendor.url" value="https://adoptium.net/"/>
    <property name="user.timezone" value="America/Los_Angeles"/>
    <property name="os.name" value="Windows 11"/>
    <property name="java.vm.specification.version" value="25"/>
    <property name="sun.java.launcher" value="SUN_STANDARD"/>
    <property name="user.country" value="US"/>
    <property name="sun.boot.library.path" value="C:\Program Files\Eclipse Adoptium\jdk-25.0.0.36-hotspot\bin"/>
    <property name="sun.java.command" value="C:\Users\mark_\AppData\Local\Temp\surefire11729501062683092562\surefirebooter-20251019182012398_3.jar C:\Users\mark_\AppData\Local\Temp\surefire11729501062683092562 2025-10-19T18-20-12_310-jvmRun1 surefire-20251019182012398_1tmp surefire_0-20251019182012398_2tmp"/>
    <property name="jdk.debug" value="release"/>
    <property name="surefire.test.class.path" value="C:\Users\mark_\OneDrive\Desktop\CSC449\National University Airlines\National_University_Airlines\target\test-classes;C:\Users\mark_\OneDrive\Desktop\CSC449\National University Airlines\National_University_Airlines\target\classes;C:\Users\mark_\.m2\repository\org\junit\jupiter\junit-jupiter\5.10.2\junit-jupiter-5.10.2.jar;C:\Users\mark_\.m2\repository\org\junit\jupiter\junit-jupiter-api\5.10.2\junit-jupiter-api-5.10.2.jar;C:\Users\mark_\.m2\repository\org\opentest4j\opentest4j\1.3.0\opentest4j-1.3.0.jar;C:\Users\mark_\.m2\repository\org\junit\platform\junit-platform-commons\1.10.2\junit-platform-commons-1.10.2.jar;C:\Users\mark_\.m2\repository\org\apiguardian\apiguardian-api\1.1.2\apiguardian-api-1.1.2.jar;C:\Users\mark_\.m2\repository\org\junit\jupiter\junit-jupiter-params\5.10.2\junit-jupiter-params-5.10.2.jar;C:\Users\mark_\.m2\repository\org\junit\jupiter\junit-jupiter-engine\5.10.2\junit-jupiter-engine-5.10.2.jar;C:\Users\mark_\.m2\repository\org\junit\platform\junit-platform-engine\1.10.2\junit-platform-engine-1.10.2.jar;C:\Users\mark_\.m2\repository\org\mockito\mockito-core\5.12.0\mockito-core-5.12.0.jar;C:\Users\mark_\.m2\repository\net\bytebuddy\byte-buddy\1.14.15\byte-buddy-1.14.15.jar;C:\Users\mark_\.m2\repository\net\bytebuddy\byte-buddy-agent\1.14.15\byte-buddy-agent-1.14.15.jar;C:\Users\mark_\.m2\repository\org\objenesis\objenesis\3.3\objenesis-3.3.jar;"/>
    <property name="sun.cpu.endian" value="little"/>
    <property name="user.home" value="C:\Users\mark_"/>
    <property name="user.language" value="en"/>
    <property name="java.specification.vendor" value="Oracle Corporation"/>
    <property name="java.version.date" value="2025-09-16"/>
    <property name="java.home" value="C:\Program Files\Eclipse Adoptium\jdk-25.0.0.36-hotspot"/>
    <property name="file.separator" value="\"/>
    <property name="basedir" value="C:\Users\mark_\OneDrive\Desktop\CSC449\National University Airlines\National_University_Airlines"/>
    <property name="java.vm.compressedOopsMode" value="Zero based"/>
    <property name="line.separator" value="&#10;"/>
    <property name="java.vm.specification.vendor" value="Oracle Corporation"/>
    <property name="java.specification.name" value="Java Platform API Specification"/>
    <property name="surefire.real.class.path" value="C:\Users\mark_\AppData\Local\Temp\surefire11729501062683092562\surefirebooter-20251019182012398_3.jar"/>
    <property name="user.script" value=""/>
    <property name="sun.management.compiler" value="HotSpot 64-Bit Tiered Compilers"/>
    <property name="java.runtime.version" value="25+36-LTS"/>
    <property name="user.name" value="mark_"/>
    <property name="stdout.encoding" value="Cp1252"/>
    <property name="path.separator" value=";"/>
    <property name="os.version" value="10.0"/>
    <property name="java.runtime.name" value="OpenJDK Runtime Environment"/>
    <property name="file.encoding" value="UTF-8"/>
    <property name="java.vm.name" value="OpenJDK 64-Bit Server VM"/>
    <property name="java.vendor.version" value="Temurin-25+36"/>
    <property name="localRepository" value="C:\Users\mark_\.m2\repository"/>
    <property name="java.vendor.url.bug" value="https://github.com/adoptium/adoptium-support/issues"/>
    <property name="java.io.tmpdir" value="C:\Users\mark_\AppData\Local\Temp\"/>
    <property name="java.version" value="25"/>
    <property name="user.dir" value="C:\Users\mark_\OneDrive\Desktop\CSC449\National University Airlines\National_University_Airlines"/>
    <property name="os.arch" value="amd64"/>
    <property name="java.vm.specification.name" value="Java Virtual Machine Specification"/>
    <property name="sun.os.patch.level" value=""/>
    <property name="native.encoding" value="Cp1252"/>
    <property name="java.library.path" value="C:\Program Files\Eclipse Adoptium\jdk-25.0.0.36-hotspot\bin;C:\WINDOWS\Sun\Java\bin;C:\WINDOWS\system32;C:\WINDOWS;C:\Program Files\Eclipse Adoptium\jdk-25.0.0.36-hotspot\bin;C:\Program Files (x86)\NVIDIA Corporation\PhysX\Common;C:\WINDOWS\system32;C:\WINDOWS;C:\WINDOWS\System32\Wbem;C:\WINDOWS\System32\WindowsPowerShell\v1.0\;C:\WINDOWS\System32\OpenSSH\;C:\Program Files\Microsoft SQL Server\150\Tools\Binn\;C:\Program Files\dotnet\;C:\Program Files\Microsoft Visual Studio\2022\Community\VC\Tools\MSVC\14.38.33130\bin\Hostx64\x64;C:\Program Files (x86)\Windows Kits\10\bin\10.0.22621.0\x64;C:\Program Files (x86)\Windows Kits\10\Windows Performance Toolkit\;C:\Program Files\Graphviz\bin;C:\Program Files\CMake\bin;C:\ProgramData\chocolatey\bin;C:\Users\mark_\AppData\Local\Programs\Python\Python313\Scripts\;C:\Users\mark_\AppData\Local\Programs\Python\Python313\;C:\Users\mark_\AppData\Local\Programs\Python\Launcher\;C:\Users\mark_\AppData\Local\Microsoft\WindowsApps;C:\Program Files\JetBrains\IntelliJ IDEA 2024.3.1.1\bin;C:\Program Files\JetBrains\CLion 2024.3.1.1\bin;C:\Users\mark_\AppData\Local\GitHubDesktop\bin;C:\Users\mark_\.dotnet\tools;C:\Tools\NuGet;C:\Program Files\Microsoft Visual Studio\2022\Community\VC\Tools\MSVC\14.38.33130\bin\Hostx64\x86;C:\Program Files\Microsoft Visual Studio\2022\Community\Common7\IDE\VC\VCPackages;C:\Program Files (x86)\Windows Kits\10\bin\10.0.26100.0\x64;C:\Program Files (x86)\Windows Kits\10\bin\10.0.26100.0\x86;C:\Tools\ninja\;C:\Qt\6.8.1\mingw_64\bin\;C:\Program Files (x86)\erl5.8.1\bin;C:\Program Files\Git\cmd;C:\tools\mysql\current\bin;C:\Program Files\MySQL\MySQL Server 9.3\bin;C:\Program Files (x86)\Microsoft SQL Server\160\Tools\Binn\;C:\Program Files\Microsoft SQL Server\160\Tools\Binn\;C:\Program Files\Microsoft SQL Server\Client SDK\ODBC\170\Tools\Binn\;C:\Program Files\Microsoft SQL Server\160\DTS\Binn\;C:\Program Files (x86)\Microsoft SQL Server\160\DTS\Binn\;C:\Program Files\nodejs\;C:\Program Files\Apache\Maven\bin;C:\WINDOWS\system32;C:\WINDOWS;C:\WINDOWS\System32\Wbem;C:\WINDOWS\System32\WindowsPowerShell\v1.0\;C:\WINDOWS\System32\OpenSSH\;C:\Program Files\Microsoft SQL Server\150\Tools\Binn\;C:\Program Files\dotnet\;C:\Program Files\Microsoft Visual Studio\2022\Community\VC\Tools\MSVC\14.38.33130\bin\Hostx64\x64;C:\Program Files (x86)\Windows Kits\10\bin\10.0.22621.0\x64;C:\Program Files (x86)\Windows Kits\10\Windows Performance Toolkit\;C:\Program Files\Graphviz\bin;C:\Program Files\CMake\bin;C:\ProgramData\chocolatey\bin;C:\Users\mark_\AppData\Local\Programs\Python\Python313\Scripts\;C:\Users\mark_\AppData\Local\Programs\Python\Python313\;C:\Users\mark_\AppData\Local\Programs\Python\Launcher\;C:\Users\mark_\AppData\Local\Microsoft\WindowsApps;C:\Program Files\JetBrains\IntelliJ IDEA 2024.3.1.1\bin;C:\Program Files\JetBrains\CLion 2024.3.1.1\bin;C:\Users\mark_\AppData\Local\GitHubDesktop\bin;C:\Users\mark_\.dotnet\tools;C:\Tools\NuGet;C:\Program Files\Microsoft Visual Studio\2022\Community\VC\Tools\MSVC\14.38.33130\bin\Hostx64\x86;C:\Program Files\Microsoft Visual Studio\2022\Community\Common7\IDE\VC\VCPackages;C:\Program Files (x86)\Windows Kits\10\bin\10.0.26100.0\x64;C:\Program Files (x86)\Windows Kits\10\bin\10.0.26100.0\x86;C:\Tools\ninja\;C:\Qt\6.8.1\mingw_64\bin\;C:\Program Files (x86)\erl5.8.1\bin;C:\Program Files\Git\cmd;C:\tools\mysql\current\bin;C:\Program Files\MySQL\MySQL Server 9.3\bin;C:\Users\mark_;C:\Users\mark_\rebar3;C:\Users\mark_\.dotnet\tools;C:\Users\mark_\AppData\Roaming\npm;C:\Users\mark_\AppData\Local\Programs\Microsoft VS Code\bin;c:\Users\mark_\AppData\Roaming\Code\User\globalStorage\github.copilot-chat\debugCommand;."/>
    <property name="java.vm.info" value="mixed mode, sharing"/>
    <property name="stderr.encoding" value="Cp1252"/>
    <property name="java.vendor" value="Eclipse Adoptium"/>
    <property name="java.vm.version" value="25+36-LTS"/>
    <property name="stdin.encoding" value="Cp1252"/>
    <property name="sun.io.unicode.encoding" value="UnicodeLittle"/>
    <property name="java.class.version" value="69.0"/>
  </properties>
  <testcase name="getFlightsReturnsUnmodifiableList" classname="airlines.DatabaseServiceTest" time="0.043">
    <system-out><![CDATA[[FileStorage] C:\Users\mark_\AppData\Local\Temp\junit6999033194999920535\test_database.txt not found. Creating default database...
[FileStorage] Saved 2 flights to C:\Users\mark_\AppData\Local\Temp\junit6999033194999920535\test_database.txt
]]></system-out>
  </testcase>
  <testcase name="saveAndLoadPreservesData" classname="airlines.DatabaseServiceTest" time="0.008">
    <system-out><![CDATA[[FileStorage] C:\Users\mark_\AppData\Local\Temp\junit1198288867611193896\test_database.txt not found. Creating default database...
[FileStorage] Saved 2 flights to C:\Users\mark_\AppData\Local\Temp\junit1198288867611193896\test_database.txt
[FileStorage] Saved 3 flights to C:\Users\mark_\AppData\Local\Temp\junit1198288867611193896\test_database.txt
[FileStorage] Saved 3 flights to C:\Users\mark_\AppData\Local\Temp\junit1198288867611193896\test_database.txt
[FileStorage] Saved 3 flights to C:\Users\mark_\AppData\Local\Temp\junit1198288867611193896\test_database.txt
[FileStorage] Loaded 3 flights from C:\Users\mark_\AppData\Local\Temp\junit1198288867611193896\test_database.txt
]]></system-out>
  </testcase>
  <testcase name="getSeatsReturnsCorrectSeatsForFlight" classname="airlines.DatabaseServiceTest" time="0.003">
    <system-out><![CDATA[[FileStorage] C:\Users\mark_\AppData\Local\Temp\junit1980150897253048522\test_database.txt not found. Creating default database...
[FileStorage] Saved 2 flights to C:\Users\mark_\AppData\Local\Temp\junit1980150897253048522\test_database.txt
[FileStorage] Saved 3 flights to C:\Users\mark_\AppData\Local\Temp\junit1980150897253048522\test_database.txt
]]></system-out>
  </testcase>
  <testcase name="bookSeatWrapper" classname="airlines.DatabaseServiceTest" time="0.003">
    <system-out><![CDATA[[FileStorage] C:\Users\mark_\AppData\Local\Temp\junit3056451625069866851\test_database.txt not found. Creating default database...
[FileStorage] Saved 2 flights to C:\Users\mark_\AppData\Local\Temp\junit3056451625069866851\test_database.txt
[FileStorage] Saved 3 flights to C:\Users\mark_\AppData\Local\Temp\junit3056451625069866851\test_database.txt
[FileStorage] Saved 3 flights to C:\Users\mark_\AppData\Local\Temp\junit3056451625069866851\test_database.txt
]]></system-out>
  </testcase>
  <testcase name="updateSeatReleasingPassenger" classname="airlines.DatabaseServiceTest" time="0.004">
    <system-out><![CDATA[[FileStorage] C:\Users\mark_\AppData\Local\Temp\junit2350454132917574886\test_database.txt not found. Creating default database...
[FileStorage] Saved 2 flights to C:\Users\mark_\AppData\Local\Temp\junit2350454132917574886\test_database.txt
[FileStorage] Saved 3 flights to C:\Users\mark_\AppData\Local\Temp\junit2350454132917574886\test_database.txt
[FileStorage] Saved 3 flights to C:\Users\mark_\AppData\Local\Temp\junit2350454132917574886\test_database.txt
[FileStorage] Saved 3 flights to C:\Users\mark_\AppData\Local\Temp\junit2350454132917574886\test_database.txt
]]></system-out>
  </testcase>
  <testcase name="updateSeatBookingPassenger" classname="airlines.DatabaseServiceTest" time="0.004">
    <system-out><![CDATA[[FileStorage] C:\Users\mark_\AppData\Local\Temp\junit1239761127444298822\test_database.txt not found. Creating default database...
[FileStorage] Saved 2 flights to C:\Users\mark_\AppData\Local\Temp\junit1239761127444298822\test_database.txt
[FileStorage] Saved 3 flights to C:\Users\mark_\AppData\Local\Temp\junit1239761127444298822\test_database.txt
[FileStorage] Saved 3 flights to C:\Users\mark_\AppData\Local\Temp\junit1239761127444298822\test_database.txt
]]></system-out>
  </testcase>
  <testcase name="getSeatsForNonexistentFlightReturnsEmptyList" classname="airlines.DatabaseServiceTest" time="0.003">
    <system-out><![CDATA[[FileStorage] C:\Users\mark_\AppData\Local\Temp\junit4872775315796794535\test_database.txt not found. Creating default database...
[FileStorage] Saved 2 flights to C:\Users\mark_\AppData\Local\Temp\junit4872775315796794535\test_database.txt
]]></system-out>
  </testcase>
  <testcase name="getSeatsForNullFlightIdReturnsEmptyList" classname="airlines.DatabaseServiceTest" time="0.003">
    <system-out><![CDATA[[FileStorage] C:\Users\mark_\AppData\Local\Temp\junit13255554720285369929\test_database.txt not found. Creating default database...
[FileStorage] Saved 2 flights to C:\Users\mark_\AppData\Local\Temp\junit13255554720285369929\test_database.txt
]]></system-out>
  </testcase>
  <testcase name="updateSeatWithNonexistentFlightReturnsFalse" classname="airlines.DatabaseServiceTest" time="0.003">
    <system-out><![CDATA[[FileStorage] C:\Users\mark_\AppData\Local\Temp\junit8318144078826857818\test_database.txt not found. Creating default database...
[FileStorage] Saved 2 flights to C:\Users\mark_\AppData\Local\Temp\junit8318144078826857818\test_database.txt
]]></system-out>
  </testcase>
  <testcase name="updateSeatWithNonexistentSeatReturnsFalse" classname="airlines.DatabaseServiceTest" time="0.003">
    <system-out><![CDATA[[FileStorage] C:\Users\mark_\AppData\Local\Temp\junit11002736945820516589\test_database.txt not found. Creating default database...
[FileStorage] Saved 2 flights to C:\Users\mark_\AppData\Local\Temp\junit11002736945820516589\test_database.txt
[FileStorage] Saved 3 flights to C:\Users\mark_\AppData\Local\Temp\junit11002736945820516589\test_database.txt
]]></system-out>
  </testcase>
  <testcase name="deleteNonexistentFlightReturnsFalse" classname="airlines.DatabaseServiceTest" time="0.003">
    <system-out><![CDATA[[FileStorage] C:\Users\mark_\AppData\Local\Temp\junit782961693051526121\test_database.txt not found. Creating default database...
[FileStorage] Saved 2 flights to C:\Users\mark_\AppData\Local\Temp\junit782961693051526121\test_database.txt
[DatabaseService] deleteFlight: not found NONEXISTENT
]]></system-out>
  </testcase>
  <testcase name="constructorWithNullPathUsesDefault" classname="airlines.DatabaseServiceTest" time="0.003">
    <system-out><![CDATA[[FileStorage] C:\Users\mark_\AppData\Local\Temp\junit12445700582791398674\test_database.txt not found. Creating default database...
[FileStorage] Saved 2 flights to C:\Users\mark_\AppData\Local\Temp\junit12445700582791398674\test_database.txt
[FileStorage] Loaded 3 flights from database.txt
]]></system-out>
  </testcase>
  <testcase name="deleteFlightValid" classname="airlines.DatabaseServiceTest" time="0.003">
    <system-out><![CDATA[[FileStorage] C:\Users\mark_\AppData\Local\Temp\junit18119985049202001033\test_database.txt not found. Creating default database...
[FileStorage] Saved 2 flights to C:\Users\mark_\AppData\Local\Temp\junit18119985049202001033\test_database.txt
[FileStorage] Saved 3 flights to C:\Users\mark_\AppData\Local\Temp\junit18119985049202001033\test_database.txt
[FileStorage] Saved 2 flights to C:\Users\mark_\AppData\Local\Temp\junit18119985049202001033\test_database.txt
]]></system-out>
  </testcase>
  <testcase name="addFlightWithInvalidParameters" classname="airlines.DatabaseServiceTest" time="0.004">
    <system-out><![CDATA[[FileStorage] C:\Users\mark_\AppData\Local\Temp\junit13634028038380770043\test_database.txt not found. Creating default database...
[FileStorage] Saved 2 flights to C:\Users\mark_\AppData\Local\Temp\junit13634028038380770043\test_database.txt
[DatabaseService] addFlight: missing id/number
[DatabaseService] addFlight: missing id/number
[DatabaseService] addFlight: missing id/number
[DatabaseService] addFlight: missing id/number
[DatabaseService] addFlight: invalid row range 0..3
[DatabaseService] addFlight: invalid row range 3..1
[DatabaseService] addFlight: no seat letters provided
[DatabaseService] addFlight: no seat letters provided
[DatabaseService] addFlight: too many seats requested
[FileStorage] Saved 3 flights to C:\Users\mark_\AppData\Local\Temp\junit13634028038380770043\test_database.txt
[DatabaseService] addFlight: duplicate flightId T100
]]></system-out>
  </testcase>
  <testcase name="releaseSeatWrapper" classname="airlines.DatabaseServiceTest" time="0.003">
    <system-out><![CDATA[[FileStorage] C:\Users\mark_\AppData\Local\Temp\junit11842677447126333271\test_database.txt not found. Creating default database...
[FileStorage] Saved 2 flights to C:\Users\mark_\AppData\Local\Temp\junit11842677447126333271\test_database.txt
[FileStorage] Saved 3 flights to C:\Users\mark_\AppData\Local\Temp\junit11842677447126333271\test_database.txt
[FileStorage] Saved 3 flights to C:\Users\mark_\AppData\Local\Temp\junit11842677447126333271\test_database.txt
[FileStorage] Saved 3 flights to C:\Users\mark_\AppData\Local\Temp\junit11842677447126333271\test_database.txt
]]></system-out>
  </testcase>
  <testcase name="addFlightValid" classname="airlines.DatabaseServiceTest" time="0.003">
    <system-out><![CDATA[[FileStorage] C:\Users\mark_\AppData\Local\Temp\junit11973435275610643232\test_database.txt not found. Creating default database...
[FileStorage] Saved 2 flights to C:\Users\mark_\AppData\Local\Temp\junit11973435275610643232\test_database.txt
[FileStorage] Saved 3 flights to C:\Users\mark_\AppData\Local\Temp\junit11973435275610643232\test_database.txt
]]></system-out>
  </testcase>
</testsuite>